Results of NGD DRC are available in main_drc.log.
Loading NGL library 'C:/lscc/diamond/3.1_x64/ispfpga/xo2c00a/data/xo2alib.ngl'...
Loading NGL library 'C:/lscc/diamond/3.1_x64/ispfpga/xo2c00/data/xo2clib.ngl'...
Loading NGL library 'C:/lscc/diamond/3.1_x64/ispfpga/mg5g00/data/mg5glib.ngl'...
Loading NGL library 'C:/lscc/diamond/3.1_x64/ispfpga/or5g00/data/orc5glib.ngl'...


Running DRC...

WARNING - synthesis: logical net 'mult_2u_2u_0_cin_lr_add_0/S0' has no load
WARNING - synthesis: logical net 'mult_2u_2u_0_cin_lr_add_0/S1' has no load
WARNING - synthesis: logical net 'mult_3u_2u_0_cin_lr_add_0/S0' has no load
WARNING - synthesis: logical net 'mult_3u_2u_0_cin_lr_add_0/S1' has no load
WARNING - synthesis: logical net 'mult_2u_3u_0_cin_lr_add_0/S0' has no load
WARNING - synthesis: logical net 'mult_2u_3u_0_cin_lr_add_0/S1' has no load
WARNING - synthesis: logical net 'mult_3u_2u_0_mult_0_1/CO' has no load
WARNING - synthesis: logical net 'mult_2u_2u_0_Cadd_0_1/COUT' has no load
WARNING - synthesis: logical net 'mult_2u_2u_0_Cadd_0_1/S1' has no load
WARNING - synthesis: logical net 'mult_2u_3u_0_mult_0_1/CO' has no load
WARNING - synthesis: logical net 'mult_24u_24u_0_Cadd_0_12/COUT' has no load
WARNING - synthesis: logical net 'mult_24u_24u_0_Cadd_0_12/S1' has no load
WARNING - synthesis: logical net 'mult_24u_24u_0_cin_lr_add_2/S0' has no load
WARNING - synthesis: logical net 'mult_24u_24u_0_cin_lr_add_2/S1' has no load
WARNING - synthesis: logical net 'mult_24u_24u_0_Cadd_2_12/COUT' has no load
WARNING - synthesis: logical net 'mult_24u_24u_0_Cadd_2_12/S1' has no load
WARNING - synthesis: logical net 'mult_24u_24u_0_cin_lr_add_4/S0' has no load
WARNING - synthesis: logical net 'mult_24u_24u_0_cin_lr_add_4/S1' has no load
WARNING - synthesis: logical net 'mult_24u_24u_0_Cadd_4_12/COUT' has no load
WARNING - synthesis: logical net 'mult_24u_24u_0_Cadd_4_12/S1' has no load
WARNING - synthesis: logical net 'mult_24u_24u_0_cin_lr_add_6/S0' has no load
WARNING - synthesis: logical net 'mult_24u_24u_0_cin_lr_add_6/S1' has no load
WARNING - synthesis: logical net 'mult_24u_24u_0_Cadd_6_12/COUT' has no load
WARNING - synthesis: logical net 'mult_24u_24u_0_Cadd_6_12/S1' has no load
WARNING - synthesis: logical net 'mult_24u_24u_0_cin_lr_add_8/S0' has no load
WARNING - synthesis: logical net 'mult_24u_24u_0_cin_lr_add_8/S1' has no load
WARNING - synthesis: logical net 'mult_24u_24u_0_Cadd_8_12/COUT' has no load
WARNING - synthesis: logical net 'mult_24u_24u_0_Cadd_8_12/S1' has no load
WARNING - synthesis: logical net 'mult_24u_24u_0_cin_lr_add_10/S0' has no load
WARNING - synthesis: logical net 'mult_24u_24u_0_cin_lr_add_10/S1' has no load
WARNING - synthesis: logical net 'mult_24u_24u_0_Cadd_10_12/COUT' has no load
WARNING - synthesis: logical net 'mult_24u_24u_0_Cadd_10_12/S1' has no load
WARNING - synthesis: logical net 'mult_24u_24u_0_cin_lr_add_12/S0' has no load
WARNING - synthesis: logical net 'mult_24u_24u_0_cin_lr_add_12/S1' has no load
WARNING - synthesis: logical net 'mult_24u_24u_0_Cadd_12_12/COUT' has no load
WARNING - synthesis: logical net 'mult_24u_24u_0_Cadd_12_12/S1' has no load
WARNING - synthesis: logical net 'mult_24u_24u_0_cin_lr_add_14/S0' has no load
WARNING - synthesis: logical net 'mult_24u_24u_0_cin_lr_add_14/S1' has no load
WARNING - synthesis: logical net 'mult_24u_24u_0_Cadd_14_12/COUT' has no load
WARNING - synthesis: logical net 'mult_24u_24u_0_Cadd_14_12/S1' has no load
WARNING - synthesis: logical net 'mult_24u_24u_0_cin_lr_add_16/S0' has no load
WARNING - synthesis: logical net 'mult_24u_24u_0_cin_lr_add_16/S1' has no load
WARNING - synthesis: logical net 'mult_24u_24u_0_Cadd_16_12/COUT' has no load
WARNING - synthesis: logical net 'mult_24u_24u_0_Cadd_16_12/S1' has no load
WARNING - synthesis: logical net 'mult_24u_24u_0_cin_lr_add_18/S0' has no load
WARNING - synthesis: logical net 'mult_24u_24u_0_cin_lr_add_18/S1' has no load
WARNING - synthesis: logical net 'mult_24u_24u_0_Cadd_18_12/COUT' has no load
WARNING - synthesis: logical net 'mult_24u_24u_0_Cadd_18_12/S1' has no load
WARNING - synthesis: logical net 'mult_24u_24u_0_cin_lr_add_20/S0' has no load
WARNING - synthesis: logical net 'mult_24u_24u_0_cin_lr_add_20/S1' has no load
WARNING - synthesis: logical net 'mult_24u_24u_0_Cadd_20_12/COUT' has no load
WARNING - synthesis: logical net 'mult_24u_24u_0_Cadd_20_12/S1' has no load
WARNING - synthesis: logical net 'mult_24u_24u_0_cin_lr_add_22/S0' has no load
WARNING - synthesis: logical net 'mult_24u_24u_0_cin_lr_add_22/S1' has no load
WARNING - synthesis: logical net 'mult_24u_24u_0_Cadd_22_12/COUT' has no load
WARNING - synthesis: logical net 'mult_24u_24u_0_Cadd_22_12/S1' has no load
WARNING - synthesis: logical net 'Cadd_mult_24u_24u_0_0_1/S0' has no load
WARNING - synthesis: logical net 'Cadd_mult_24u_24u_0_0_1/S1' has no load
WARNING - synthesis: logical net 'mult_24u_24u_0_add_0_2/S0' has no load
WARNING - synthesis: logical net 'Cadd_mult_24u_24u_0_0_15/COUT' has no load
WARNING - synthesis: logical net 'Cadd_mult_24u_24u_0_0_15/S1' has no load
WARNING - synthesis: logical net 'Cadd_mult_24u_24u_0_1_1/S0' has no load
WARNING - synthesis: logical net 'Cadd_mult_24u_24u_0_1_15/COUT' has no load
WARNING - synthesis: logical net 'Cadd_mult_24u_24u_0_1_15/S1' has no load
WARNING - synthesis: logical net 'Cadd_mult_24u_24u_0_2_1/S0' has no load
WARNING - synthesis: logical net 'Cadd_mult_24u_24u_0_2_15/COUT' has no load
WARNING - synthesis: logical net 'Cadd_mult_24u_24u_0_2_15/S1' has no load
WARNING - synthesis: logical net 'Cadd_mult_24u_24u_0_3_1/S0' has no load
WARNING - synthesis: logical net 'Cadd_mult_24u_24u_0_3_15/COUT' has no load
WARNING - synthesis: logical net 'Cadd_mult_24u_24u_0_3_15/S1' has no load
WARNING - synthesis: logical net 'Cadd_mult_24u_24u_0_4_1/S0' has no load
WARNING - synthesis: logical net 'Cadd_mult_24u_24u_0_4_15/COUT' has no load
WARNING - synthesis: logical net 'Cadd_mult_24u_24u_0_4_15/S1' has no load
WARNING - synthesis: logical net 'Cadd_mult_24u_24u_0_5_1/S0' has no load
WARNING - synthesis: logical net 'mult_24u_24u_0_add_5_14/COUT' has no load
WARNING - synthesis: logical net 'mult_24u_24u_0_add_5_14/S1' has no load
WARNING - synthesis: logical net 'Cadd_mult_24u_24u_0_6_1/S0' has no load
WARNING - synthesis: logical net 'Cadd_mult_24u_24u_0_6_1/S1' has no load
WARNING - synthesis: logical net 'mult_24u_24u_0_add_6_2/S0' has no load
WARNING - synthesis: logical net 'mult_24u_24u_0_add_6_2/S1' has no load
WARNING - synthesis: logical net 'mult_24u_24u_0_add_6_3/S0' has no load
WARNING - synthesis: logical net 'Cadd_mult_24u_24u_0_6_17/COUT' has no load
WARNING - synthesis: logical net 'Cadd_mult_24u_24u_0_6_17/S1' has no load
WARNING - synthesis: logical net 'Cadd_mult_24u_24u_0_7_1/S0' has no load
WARNING - synthesis: logical net 'Cadd_mult_24u_24u_0_7_17/COUT' has no load
WARNING - synthesis: logical net 'Cadd_mult_24u_24u_0_7_17/S1' has no load
WARNING - synthesis: logical net 'Cadd_mult_24u_24u_0_8_1/S0' has no load
WARNING - synthesis: logical net 'mult_24u_24u_0_add_8_15/COUT' has no load
WARNING - synthesis: logical net 'mult_24u_24u_0_add_8_15/S1' has no load
WARNING - synthesis: logical net 'Cadd_mult_24u_24u_0_9_1/S0' has no load
WARNING - synthesis: logical net 'Cadd_mult_24u_24u_0_9_1/S1' has no load
WARNING - synthesis: logical net 'mult_24u_24u_0_add_9_2/S0' has no load
WARNING - synthesis: logical net 'mult_24u_24u_0_add_9_2/S1' has no load
WARNING - synthesis: logical net 'mult_24u_24u_0_add_9_3/S0' has no load
WARNING - synthesis: logical net 'mult_24u_24u_0_add_9_3/S1' has no load
WARNING - synthesis: logical net 'mult_24u_24u_0_add_9_4/S0' has no load
WARNING - synthesis: logical net 'mult_24u_24u_0_add_9_4/S1' has no load
WARNING - synthesis: logical net 'mult_24u_24u_0_add_9_5/S0' has no load
WARNING - synthesis: logical net 'Cadd_mult_24u_24u_0_9_20/COUT' has no load
WARNING - synthesis: logical net 'Cadd_mult_24u_24u_0_9_20/S1' has no load
WARNING - synthesis: logical net 'Cadd_t_mult_24u_24u_0_10_1/S0' has no load
WARNING - synthesis: logical net 'Cadd_t_mult_24u_24u_0_10_1/S1' has no load
WARNING - synthesis: logical net 't_mult_24u_24u_0_add_10_2/S0' has no load
WARNING - synthesis: logical net 't_mult_24u_24u_0_add_10_2/S1' has no load
WARNING - synthesis: logical net 't_mult_24u_24u_0_add_10_3/S0' has no load
WARNING - synthesis: logical net 't_mult_24u_24u_0_add_10_3/S1' has no load
WARNING - synthesis: logical net 't_mult_24u_24u_0_add_10_17/COUT' has no load
WARNING - synthesis: logical net 't_mult_24u_24u_0_add_10_17/S1' has no load
WARNING - synthesis: logical net 'mult_24u_24u_0_mult_0_0/S0' has no load
WARNING - synthesis: logical net 'mult_24u_24u_0_cin_lr_add_0/S0' has no load
WARNING - synthesis: logical net 'mult_24u_24u_0_cin_lr_add_0/S1' has no load
WARNING - synthesis: logical net 'mult_32s_2s_0_cin_lr_add/S0' has no load
WARNING - synthesis: logical net 'mult_32s_2s_0_cin_lr_add/S1' has no load
WARNING - synthesis: logical net 'mult_32s_2s_0_mult_0_5/CO' has no load
WARNING - synthesis: logical net 'mult_32s_2s_0_mult_0_5/S1' has no load
WARNING - synthesis: logical net 'output0/k_4662_add_4_32/CO' has no load
WARNING - synthesis: logical net 'output0/k_4662_add_4_2/S0' has no load
WARNING - synthesis: logical net 'loadWeight0/addr_4651_add_4_33/CO' has no load
WARNING - synthesis: logical net 'loadWeight0/addr_4651_add_4_33/S1' has no load
WARNING - synthesis: logical net 'loadWeight0/addr_4651_add_4_1/S0' has no load
WARNING - synthesis: logical net 'receiver0/count_4648_add_4_33/CO' has no load
WARNING - synthesis: logical net 'receiver0/count_4648_add_4_33/S1' has no load
WARNING - synthesis: logical net 'receiver0/count_4648_add_4_1/S0' has no load
WARNING - synthesis: logical net 'float_alu0/wait_counter_4646_4647_add_4_31/CO' has no load
WARNING - synthesis: logical net 'float_alu0/wait_counter_4646_4647_add_4_1/S0' has no load
WARNING - synthesis: logical net 'float_alu0/fp_sub0/equal_48_8/CO' has no load
WARNING - synthesis: logical net 'float_alu0/fp_sub0/equal_48_8/S0' has no load
WARNING - synthesis: logical net 'float_alu0/fp_sub0/equal_48_7/S0' has no load
WARNING - synthesis: logical net 'float_alu0/fp_sub0/equal_48_7/S1' has no load
WARNING - synthesis: logical net 'float_alu0/fp_sub0/equal_48_0/S0' has no load
WARNING - synthesis: logical net 'float_alu0/fp_sub0/equal_48_0/S1' has no load
WARNING - synthesis: logical net 'float_alu0/fp_sub0/sub_214_add_2_25/CO' has no load
WARNING - synthesis: logical net 'float_alu0/fp_sub0/add_3121_29/CO' has no load
WARNING - synthesis: logical net 'float_alu0/fp_sub0/add_3121_29/S1' has no load
WARNING - synthesis: logical net 'float_alu0/fp_sub0/sub_214_add_2_1/S0' has no load
WARNING - synthesis: logical net 'float_alu0/fp_sub0/sub_210_add_2_9/CO' has no load
WARNING - synthesis: logical net 'float_alu0/fp_sub0/add_3121_1/S0' has no load
WARNING - synthesis: logical net 'float_alu0/fp_sub0/sub_210_add_2_1/S0' has no load
WARNING - synthesis: logical net 'float_alu0/fp_sub0/add_72_23/CO' has no load
WARNING - synthesis: logical net 'float_alu0/fp_sub0/add_72_1/S0' has no load
WARNING - synthesis: logical net 'float_alu0/fp_sub0/sub_211_add_2_9/CO' has no load
WARNING - synthesis: logical net 'float_alu0/fp_sub0/sub_211_add_2_1/S0' has no load
WARNING - synthesis: logical net 'float_alu0/fp_sub0/add_3794_9/CO' has no load
WARNING - synthesis: logical net 'float_alu0/fp_sub0/add_3794_1/S0' has no load
WARNING - synthesis: logical net 'float_alu0/fp_sub0/add_3794_1/S1' has no load
WARNING - synthesis: logical net 'float_alu0/fp_mul0/add_256_23/CO' has no load
WARNING - synthesis: logical net 'float_alu0/fp_mul0/add_256_1/S0' has no load
WARNING - synthesis: logical net 'float_alu0/fp_mul0/add_130_9/CO' has no load
WARNING - synthesis: logical net 'float_alu0/fp_mul0/add_130_9/S1' has no load
WARNING - synthesis: logical net 'float_alu0/fp_mul0/add_130_1/S0' has no load
WARNING - synthesis: logical net 'float_alu0/fp_mul0/add_114_8/CO' has no load
WARNING - synthesis: logical net 'float_alu0/fp_mul0/add_114_2/S0' has no load
WARNING - synthesis: logical net 'float_alu0/fp_exp_clk0/add_4625_cout/CO' has no load
WARNING - synthesis: logical net 'float_alu0/fp_exp_clk0/add_4625_cout/S1' has no load
WARNING - synthesis: logical net 'float_alu0/fp_exp_clk0/add_4625_1/S0' has no load
WARNING - synthesis: logical net 'float_alu0/fp_exp_clk0/add_2945_9/CO' has no load
WARNING - synthesis: logical net 'float_alu0/fp_exp_clk0/add_2945_9/S1' has no load
WARNING - synthesis: logical net 'float_alu0/fp_exp_clk0/add_2945_1/S0' has no load
WARNING - synthesis: logical net 'float_alu0/fp_exp_clk0/add_14_28/CO' has no load
WARNING - synthesis: logical net 'float_alu0/fp_exp_clk0/add_14_2/S0' has no load
WARNING - synthesis: logical net 'float_alu0/fp_exp_clk0/add_12_cout/CO' has no load
WARNING - synthesis: logical net 'float_alu0/fp_exp_clk0/add_12_cout/S1' has no load
WARNING - synthesis: logical net 'float_alu0/fp_exp_clk0/add_12_2/S0' has no load
WARNING - synthesis: logical net 'float_alu0/fp_exp_clk0/add_6_10/CO' has no load
WARNING - synthesis: logical net 'float_alu0/fp_exp_clk0/add_6_10/S1' has no load
WARNING - synthesis: logical net 'float_alu0/fp_exp_clk0/add_6_2/S0' has no load
WARNING - synthesis: logical net 'float_alu0/fp_exp_clk0/shift/add_4_9/CO' has no load
WARNING - synthesis: logical net 'float_alu0/fp_exp_clk0/shift/add_4_9/S0' has no load
WARNING - synthesis: logical net 'float_alu0/fp_exp_clk0/shift/add_4_7/S1' has no load
WARNING - synthesis: logical net 'float_alu0/fp_exp_clk0/shift/add_4_1/S0' has no load
WARNING - synthesis: logical net 'float_alu0/fp_exp_clk0/shift/add_4598_cout/CO' has no load
WARNING - synthesis: logical net 'float_alu0/fp_exp_clk0/shift/add_4598_cout/S1' has no load
WARNING - synthesis: logical net 'float_alu0/fp_exp_clk0/shift/add_4598_1/S0' has no load
WARNING - synthesis: logical net 'float_alu0/fp_exp_clk0/mult_z1/add_4612_1/S0' has no load
WARNING - synthesis: logical net 'float_alu0/fp_exp_clk0/mult_z1/add_4611_29/CO' has no load
WARNING - synthesis: logical net 'float_alu0/fp_exp_clk0/mult_z1/add_4611_1/S0' has no load
WARNING - synthesis: logical net 'float_alu0/fp_exp_clk0/mult_z1/add_4610_29/CO' has no load
WARNING - synthesis: logical net 'float_alu0/fp_exp_clk0/mult_z1/add_4610_1/S0' has no load
WARNING - synthesis: logical net 'float_alu0/fp_exp_clk0/mult_z1/add_4609_29/CO' has no load
WARNING - synthesis: logical net 'float_alu0/fp_exp_clk0/mult_z1/add_4609_1/S0' has no load
WARNING - synthesis: logical net 'float_alu0/fp_exp_clk0/mult_z1/add_4608_29/CO' has no load
WARNING - synthesis: logical net 'float_alu0/fp_exp_clk0/mult_z1/add_4608_1/S0' has no load
WARNING - synthesis: logical net 'float_alu0/fp_exp_clk0/mult_z1/add_4607_29/CO' has no load
WARNING - synthesis: logical net 'float_alu0/fp_exp_clk0/mult_z1/add_4607_1/S0' has no load
WARNING - synthesis: logical net 'float_alu0/fp_exp_clk0/mult_z1/add_4606_29/CO' has no load
WARNING - synthesis: logical net 'float_alu0/fp_exp_clk0/mult_z1/add_4606_1/S0' has no load
WARNING - synthesis: logical net 'float_alu0/fp_exp_clk0/mult_z1/add_4605_29/CO' has no load
WARNING - synthesis: logical net 'float_alu0/fp_exp_clk0/mult_z1/add_4605_1/S0' has no load
WARNING - synthesis: logical net 'float_alu0/fp_exp_clk0/mult_z1/add_4604_29/CO' has no load
WARNING - synthesis: logical net 'float_alu0/fp_exp_clk0/mult_z1/add_4604_1/S0' has no load
WARNING - synthesis: logical net 'float_alu0/fp_exp_clk0/mult_z1/add_2957_30/CO' has no load
WARNING - synthesis: logical net 'float_alu0/fp_exp_clk0/mult_z1/add_2957_2/S0' has no load
WARNING - synthesis: logical net 'float_alu0/fp_exp_clk0/mult_z1/add_4603_29/CO' has no load
WARNING - synthesis: logical net 'float_alu0/fp_exp_clk0/mult_z1/add_4603_1/S0' has no load
WARNING - synthesis: logical net 'float_alu0/fp_exp_clk0/mult_z1/add_4603_1/S1' has no load
WARNING - synthesis: logical net 'float_alu0/fp_exp_clk0/mult_z1/add_952_34/CO' has no load
WARNING - synthesis: logical net 'float_alu0/fp_exp_clk0/mult_z1/add_952_14/S0' has no load
WARNING - synthesis: logical net 'float_alu0/fp_exp_clk0/mult_z1/add_952_12/S0' has no load
WARNING - synthesis: logical net 'float_alu0/fp_exp_clk0/mult_z1/add_952_12/S1' has no load
WARNING - synthesis: logical net 'float_alu0/fp_exp_clk0/mult_z1/add_952_10/S0' has no load
WARNING - synthesis: logical net 'float_alu0/fp_exp_clk0/mult_z1/add_952_10/S1' has no load
WARNING - synthesis: logical net 'float_alu0/fp_exp_clk0/mult_z1/add_952_8/S0' has no load
WARNING - synthesis: logical net 'float_alu0/fp_exp_clk0/mult_z1/add_952_8/S1' has no load
WARNING - synthesis: logical net 'float_alu0/fp_exp_clk0/mult_z1/add_952_6/S0' has no load
WARNING - synthesis: logical net 'float_alu0/fp_exp_clk0/mult_z1/add_952_6/S1' has no load
WARNING - synthesis: logical net 'float_alu0/fp_exp_clk0/mult_z1/add_952_4/S0' has no load
WARNING - synthesis: logical net 'float_alu0/fp_exp_clk0/mult_z1/add_952_4/S1' has no load
WARNING - synthesis: logical net 'float_alu0/fp_exp_clk0/mult_z1/add_952_2/S0' has no load
WARNING - synthesis: logical net 'float_alu0/fp_exp_clk0/mult_z1/add_952_2/S1' has no load
WARNING - synthesis: logical net 'float_alu0/fp_exp_clk0/mult_z1/add_496_38/CO' has no load
WARNING - synthesis: logical net 'float_alu0/fp_exp_clk0/mult_z1/add_496_38/S1' has no load
WARNING - synthesis: logical net 'float_alu0/fp_exp_clk0/mult_z1/add_496_8/S0' has no load
WARNING - synthesis: logical net 'float_alu0/fp_exp_clk0/mult_z1/add_496_8/S1' has no load
WARNING - synthesis: logical net 'float_alu0/fp_exp_clk0/mult_z1/add_496_6/S0' has no load
WARNING - synthesis: logical net 'float_alu0/fp_exp_clk0/mult_z1/add_496_6/S1' has no load
WARNING - synthesis: logical net 'float_alu0/fp_exp_clk0/mult_z1/add_496_4/S0' has no load
WARNING - synthesis: logical net 'float_alu0/fp_exp_clk0/mult_z1/add_496_4/S1' has no load
WARNING - synthesis: logical net 'float_alu0/fp_exp_clk0/mult_z1/add_496_2/S0' has no load
WARNING - synthesis: logical net 'float_alu0/fp_exp_clk0/mult_z1/add_496_2/S1' has no load
WARNING - synthesis: logical net 'float_alu0/fp_exp_clk0/mult_z1/add_383_34/CO' has no load
WARNING - synthesis: logical net 'float_alu0/fp_exp_clk0/mult_z1/add_383_34/S1' has no load
WARNING - synthesis: logical net 'float_alu0/fp_exp_clk0/mult_z1/add_383_2/S0' has no load
WARNING - synthesis: logical net 'float_alu0/fp_exp_clk0/mult_z1/add_382_34/CO' has no load
WARNING - synthesis: logical net 'float_alu0/fp_exp_clk0/mult_z1/add_382_34/S1' has no load
WARNING - synthesis: logical net 'float_alu0/fp_exp_clk0/mult_z1/add_382_4/S0' has no load
WARNING - synthesis: logical net 'float_alu0/fp_exp_clk0/mult_z1/add_382_4/S1' has no load
WARNING - synthesis: logical net 'float_alu0/fp_exp_clk0/mult_z1/add_382_2/S0' has no load
WARNING - synthesis: logical net 'float_alu0/fp_exp_clk0/mult_z1/add_382_2/S1' has no load
WARNING - synthesis: logical net 'float_alu0/fp_exp_clk0/mult_z1/add_4618_cout/CO' has no load
WARNING - synthesis: logical net 'float_alu0/fp_exp_clk0/mult_z1/add_4618_cout/S1' has no load
WARNING - synthesis: logical net 'float_alu0/fp_exp_clk0/mult_z1/add_4618_2/S0' has no load
WARNING - synthesis: logical net 'float_alu0/fp_exp_clk0/mult_z1/add_4617_cout/CO' has no load
WARNING - synthesis: logical net 'float_alu0/fp_exp_clk0/mult_z1/add_4617_cout/S1' has no load
WARNING - synthesis: logical net 'float_alu0/fp_exp_clk0/mult_z1/add_4617_2/S0' has no load
WARNING - synthesis: logical net 'float_alu0/fp_exp_clk0/mult_z1/add_4616_cout/CO' has no load
WARNING - synthesis: logical net 'float_alu0/fp_exp_clk0/mult_z1/add_4616_cout/S1' has no load
WARNING - synthesis: logical net 'float_alu0/fp_exp_clk0/mult_z1/add_4616_2/S0' has no load
WARNING - synthesis: logical net 'float_alu0/fp_exp_clk0/mult_z1/add_4615_cout/CO' has no load
WARNING - synthesis: logical net 'float_alu0/fp_exp_clk0/mult_z1/add_4615_cout/S1' has no load
WARNING - synthesis: logical net 'float_alu0/fp_exp_clk0/mult_z1/add_4615_2/S0' has no load
WARNING - synthesis: logical net 'float_alu0/fp_exp_clk0/mult_z1/add_4614_cout/CO' has no load
WARNING - synthesis: logical net 'float_alu0/fp_exp_clk0/mult_z1/add_4614_cout/S1' has no load
WARNING - synthesis: logical net 'float_alu0/fp_exp_clk0/mult_z1/add_4614_2/S0' has no load
WARNING - synthesis: logical net 'float_alu0/fp_exp_clk0/mult_z1/add_4614_2/S1' has no load
WARNING - synthesis: logical net 'float_alu0/fp_exp_clk0/mult_z1/add_4613_29/CO' has no load
WARNING - synthesis: logical net 'float_alu0/fp_exp_clk0/mult_z1/add_4613_1/S0' has no load
WARNING - synthesis: logical net 'float_alu0/fp_exp_clk0/mult_z1/add_4612_29/CO' has no load
WARNING - synthesis: logical net 'float_alu0/fp_exp_clk0/mult_klog2/add_4626_28/CO' has no load
WARNING - synthesis: logical net 'float_alu0/fp_exp_clk0/mult_klog2/add_4626_28/S1' has no load
WARNING - synthesis: logical net 'float_alu0/fp_exp_clk0/mult_klog2/add_4626_2/S0' has no load
WARNING - synthesis: logical net 'float_alu0/fp_exp_clk0/mult_klog2/add_2956_32/CO' has no load
WARNING - synthesis: logical net 'float_alu0/fp_exp_clk0/mult_klog2/add_2956_32/S1' has no load
WARNING - synthesis: logical net 'float_alu0/fp_exp_clk0/mult_klog2/add_2956_4/S0' has no load
WARNING - synthesis: logical net 'float_alu0/fp_exp_clk0/mult_klog2/add_2956_2/S0' has no load
WARNING - synthesis: logical net 'float_alu0/fp_exp_clk0/mult_klog2/add_2956_2/S1' has no load
WARNING - synthesis: logical net 'float_alu0/fp_exp_clk0/mult_klog2/add_2955_28/CO' has no load
WARNING - synthesis: logical net 'float_alu0/fp_exp_clk0/mult_klog2/add_2955_2/S0' has no load
WARNING - synthesis: logical net 'float_alu0/fp_exp_clk0/mult_klog2/add_2954_32/CO' has no load
WARNING - synthesis: logical net 'float_alu0/fp_exp_clk0/mult_klog2/add_2954_2/S0' has no load
WARNING - synthesis: logical net 'float_alu0/fp_exp_clk0/mult_klog2/add_2954_2/S1' has no load
WARNING - synthesis: logical net 'float_alu0/fp_exp_clk0/mult_klog2/add_4602_20/CO' has no load
WARNING - synthesis: logical net 'float_alu0/fp_exp_clk0/mult_klog2/add_4602_16/S0' has no load
WARNING - synthesis: logical net 'float_alu0/fp_exp_clk0/mult_klog2/add_4602_14/S0' has no load
WARNING - synthesis: logical net 'float_alu0/fp_exp_clk0/mult_klog2/add_4602_14/S1' has no load
WARNING - synthesis: logical net 'float_alu0/fp_exp_clk0/mult_klog2/add_4602_12/S0' has no load
WARNING - synthesis: logical net 'float_alu0/fp_exp_clk0/mult_klog2/add_4602_12/S1' has no load
WARNING - synthesis: logical net 'float_alu0/fp_exp_clk0/mult_klog2/add_4602_2/S0' has no load
WARNING - synthesis: logical net 'float_alu0/fp_exp_clk0/mult_klog2/add_4600_24/CO' has no load
WARNING - synthesis: logical net 'float_alu0/fp_exp_clk0/mult_klog2/add_4600_24/S0' has no load
WARNING - synthesis: logical net 'float_alu0/fp_exp_clk0/mult_klog2/add_4600_22/S1' has no load
WARNING - synthesis: logical net 'float_alu0/fp_exp_clk0/mult_klog2/add_4600_16/S0' has no load
WARNING - synthesis: logical net 'float_alu0/fp_exp_clk0/mult_klog2/add_4600_14/S0' has no load
WARNING - synthesis: logical net 'float_alu0/fp_exp_clk0/mult_klog2/add_4600_14/S1' has no load
WARNING - synthesis: logical net 'float_alu0/fp_exp_clk0/mult_klog2/add_4600_12/S0' has no load
WARNING - synthesis: logical net 'float_alu0/fp_exp_clk0/mult_klog2/add_4600_12/S1' has no load
WARNING - synthesis: logical net 'float_alu0/fp_exp_clk0/mult_klog2/add_4600_2/S0' has no load
WARNING - synthesis: logical net 'float_alu0/fp_exp_clk0/mult_klog2/add_4599_26/CO' has no load
WARNING - synthesis: logical net 'float_alu0/fp_exp_clk0/mult_klog2/add_4599_24/S0' has no load
WARNING - synthesis: logical net 'float_alu0/fp_exp_clk0/mult_klog2/add_4599_22/S1' has no load
WARNING - synthesis: logical net 'float_alu0/fp_exp_clk0/mult_klog2/add_4599_16/S0' has no load
WARNING - synthesis: logical net 'float_alu0/fp_exp_clk0/mult_klog2/add_4599_14/S0' has no load
WARNING - synthesis: logical net 'float_alu0/fp_exp_clk0/mult_klog2/add_4599_14/S1' has no load
WARNING - synthesis: logical net 'float_alu0/fp_exp_clk0/mult_klog2/add_4599_12/S0' has no load
WARNING - synthesis: logical net 'float_alu0/fp_exp_clk0/mult_klog2/add_4599_12/S1' has no load
WARNING - synthesis: logical net 'float_alu0/fp_exp_clk0/mult_klog2/add_4599_2/S0' has no load
WARNING - synthesis: logical net 'float_alu0/fp_exp_clk0/mult_klog2/add_4696_cout/CO' has no load
WARNING - synthesis: logical net 'float_alu0/fp_exp_clk0/mult_klog2/add_4696_cout/S1' has no load
WARNING - synthesis: logical net 'float_alu0/fp_exp_clk0/mult_klog2/add_4696_16/S0' has no load
WARNING - synthesis: logical net 'float_alu0/fp_exp_clk0/mult_klog2/add_4696_14/S0' has no load
WARNING - synthesis: logical net 'float_alu0/fp_exp_clk0/mult_klog2/add_4696_14/S1' has no load
WARNING - synthesis: logical net 'float_alu0/fp_exp_clk0/mult_klog2/add_4696_12/S0' has no load
WARNING - synthesis: logical net 'float_alu0/fp_exp_clk0/mult_klog2/add_4696_12/S1' has no load
WARNING - synthesis: logical net 'float_alu0/fp_exp_clk0/mult_klog2/add_4696_2/S0' has no load
WARNING - synthesis: logical net 'float_alu0/fp_exp_clk0/mult_k/add_2948_14/CO' has no load
WARNING - synthesis: logical net 'float_alu0/fp_exp_clk0/mult_k/add_2948_14/S1' has no load
WARNING - synthesis: logical net 'float_alu0/fp_exp_clk0/mult_k/add_2948_4/S0' has no load
WARNING - synthesis: logical net 'float_alu0/fp_exp_clk0/mult_k/add_2948_2/S0' has no load
WARNING - synthesis: logical net 'float_alu0/fp_exp_clk0/mult_k/add_2948_2/S1' has no load
WARNING - synthesis: logical net 'float_alu0/fp_exp_clk0/mult_k/add_19_16/CO' has no load
WARNING - synthesis: logical net 'float_alu0/fp_exp_clk0/mult_k/add_19_16/S1' has no load
WARNING - synthesis: logical net 'float_alu0/fp_exp_clk0/mult_k/add_19_2/S0' has no load
WARNING - synthesis: logical net 'float_alu0/fp_exp_clk0/mult_k/add_2947_16/CO' has no load
WARNING - synthesis: logical net 'float_alu0/fp_exp_clk0/mult_k/add_2947_4/S0' has no load
WARNING - synthesis: logical net 'float_alu0/fp_exp_clk0/mult_k/add_2947_4/S1' has no load
WARNING - synthesis: logical net 'float_alu0/fp_exp_clk0/mult_k/add_2947_2/S0' has no load
WARNING - synthesis: logical net 'float_alu0/fp_exp_clk0/mult_k/add_2947_2/S1' has no load
WARNING - synthesis: logical net 'float_alu0/fp_exp_clk0/mult_k/add_16_14/CO' has no load
WARNING - synthesis: logical net 'float_alu0/fp_exp_clk0/mult_k/add_16_14/S1' has no load
WARNING - synthesis: logical net 'float_alu0/fp_exp_clk0/mult_k/add_16_2/S0' has no load
WARNING - synthesis: logical net 'float_alu0/fp_exp_clk0/exp_y2/exp_y2_23.exp_y2/add_4_14/CO' has no load
WARNING - synthesis: logical net 'float_alu0/fp_exp_clk0/exp_y2/exp_y2_23.exp_y2/add_4_2/S0' has no load
WARNING - synthesis: logical net 'float_alu0/fp_exp_clk0/exp_y2/exp_y2_23.exp_y2/t_1/mult_r0_1/add_4697_cout/CO' has no load
WARNING - synthesis: logical net 'float_alu0/fp_exp_clk0/exp_y2/exp_y2_23.exp_y2/t_1/mult_r0_1/add_4697_cout/S1' has no load
WARNING - synthesis: logical net 'float_alu0/fp_exp_clk0/exp_y2/exp_y2_23.exp_y2/t_1/mult_r0_1/add_4697_1/S0' has no load
WARNING - synthesis: logical net 'float_alu0/fp_exp_clk0/exp_y2/exp_y2_23.exp_y2/t_1/mult_r0_1/add_4623_10/CO' has no load
WARNING - synthesis: logical net 'float_alu0/fp_exp_clk0/exp_y2/exp_y2_23.exp_y2/t_1/mult_r0_1/add_4623_10/S1' has no load
WARNING - synthesis: logical net 'float_alu0/fp_exp_clk0/exp_y2/exp_y2_23.exp_y2/t_1/mult_r0_1/add_4623_2/S0' has no load
WARNING - synthesis: logical net 'float_alu0/fp_exp_clk0/exp_y2/exp_y2_23.exp_y2/t_1/mult_r0_1/add_4623_2/S1' has no load
WARNING - synthesis: logical net 'float_alu0/fp_exp_clk0/exp_y2/exp_y2_23.exp_y2/t_1/mult_r0_1/add_4621_cout/CO' has no load
WARNING - synthesis: logical net 'float_alu0/fp_exp_clk0/exp_y2/exp_y2_23.exp_y2/t_1/mult_r0_1/add_4621_cout/S1' has no load
WARNING - synthesis: logical net 'float_alu0/fp_exp_clk0/exp_y2/exp_y2_23.exp_y2/t_1/mult_r0_1/add_4621_1/S0' has no load
WARNING - synthesis: logical net 'float_alu0/fp_exp_clk0/exp_y2/exp_y2_23.exp_y2/t_1/mult_r0_1/add_4620_cout/CO' has no load
WARNING - synthesis: logical net 'float_alu0/fp_exp_clk0/exp_y2/exp_y2_23.exp_y2/t_1/mult_r0_1/add_4620_cout/S1' has no load
WARNING - synthesis: logical net 'float_alu0/fp_exp_clk0/exp_y2/exp_y2_23.exp_y2/t_1/mult_r0_1/add_4620_1/S0' has no load
WARNING - synthesis: logical net 'float_alu0/fp_exp_clk0/exp_y2/exp_y2_23.exp_y2/t_1/mult_r0_1/add_4620_1/S1' has no load
WARNING - synthesis: logical net 'float_alu0/fp_exp_clk0/exp_y2/exp_y2_23.exp_y2/t_1/mult_r0_1/add_4698_10/CO' has no load
WARNING - synthesis: logical net 'float_alu0/fp_exp_clk0/exp_y2/exp_y2_23.exp_y2/t_1/mult_r0_1/add_4698_2/S0' has no load
WARNING - synthesis: logical net 'float_alu0/fp_exp_clk0/exp_y2/exp_y2_23.exp_y2/t_1/mult_r0_1/add_4698_2/S1' has no load
WARNING - synthesis: logical net 'float_alu0/fp_exp_clk0/exp_y1/exp_y1_23.exp_y1/sub_14_add_2_29/CO' has no load
WARNING - synthesis: logical net 'float_alu0/fp_exp_clk0/exp_y1/exp_y1_23.exp_y1/sub_14_add_2_29/S1' has no load
WARNING - synthesis: logical net 'float_alu0/fp_exp_clk0/exp_y1/exp_y1_23.exp_y1/sub_14_add_2_1/S0' has no load
WARNING - synthesis: logical net 'float_alu0/fp_div0/add_3814_1/S0' has no load
WARNING - synthesis: logical net 'float_alu0/fp_div0/add_31_9/CO' has no load
WARNING - synthesis: logical net 'float_alu0/fp_div0/add_31_1/S0' has no load
WARNING - synthesis: logical net 'float_alu0/fp_div0/add_49663_add_2_9/CO' has no load
WARNING - synthesis: logical net 'float_alu0/fp_div0/add_49663_add_2_1/S0' has no load
WARNING - synthesis: logical net 'float_alu0/fp_div0/add_3814_23/CO' has no load
WARNING - synthesis: logical net 'float_alu0/fp_div0/a_div/divisor_9..int_mod/add_3303_25/CO' has no load
WARNING - synthesis: logical net 'float_alu0/fp_div0/a_div/divisor_9..int_mod/add_3303_1/S0' has no load
WARNING - synthesis: logical net 'float_alu0/fp_div0/a_div/divisor_8..int_mod/add_3277_25/CO' has no load
WARNING - synthesis: logical net 'float_alu0/fp_div0/a_div/divisor_8..int_mod/add_3277_1/S0' has no load
WARNING - synthesis: logical net 'float_alu0/fp_div0/a_div/divisor_7..int_mod/add_3251_25/CO' has no load
WARNING - synthesis: logical net 'float_alu0/fp_div0/a_div/divisor_7..int_mod/add_3251_1/S0' has no load
WARNING - synthesis: logical net 'float_alu0/fp_div0/a_div/divisor_6..int_mod/add_3225_25/CO' has no load
WARNING - synthesis: logical net 'float_alu0/fp_div0/a_div/divisor_6..int_mod/add_3225_1/S0' has no load
WARNING - synthesis: logical net 'float_alu0/fp_div0/a_div/divisor_5..int_mod/add_3199_25/CO' has no load
WARNING - synthesis: logical net 'float_alu0/fp_div0/a_div/divisor_5..int_mod/add_3199_1/S0' has no load
WARNING - synthesis: logical net 'float_alu0/fp_div0/a_div/divisor_4..int_mod/add_3173_25/CO' has no load
WARNING - synthesis: logical net 'float_alu0/fp_div0/a_div/divisor_4..int_mod/add_3173_1/S0' has no load
WARNING - synthesis: logical net 'float_alu0/fp_div0/a_div/divisor_3..int_mod/add_3147_25/CO' has no load
WARNING - synthesis: logical net 'float_alu0/fp_div0/a_div/divisor_3..int_mod/add_3147_1/S0' has no load
WARNING - synthesis: logical net 'float_alu0/fp_div0/a_div/divisor_2..int_mod/add_3063_25/CO' has no load
WARNING - synthesis: logical net 'float_alu0/fp_div0/a_div/divisor_2..int_mod/add_3063_1/S0' has no load
WARNING - synthesis: logical net 'float_alu0/fp_div0/a_div/divisor_26..int_mod/add_3745_25/CO' has no load
WARNING - synthesis: logical net 'float_alu0/fp_div0/a_div/divisor_26..int_mod/add_3745_25/S0' has no load
WARNING - synthesis: logical net 'float_alu0/fp_div0/a_div/divisor_26..int_mod/add_3745_23/S0' has no load
WARNING - synthesis: logical net 'float_alu0/fp_div0/a_div/divisor_26..int_mod/add_3745_23/S1' has no load
WARNING - synthesis: logical net 'float_alu0/fp_div0/a_div/divisor_26..int_mod/add_3745_21/S0' has no load
WARNING - synthesis: logical net 'float_alu0/fp_div0/a_div/divisor_26..int_mod/add_3745_21/S1' has no load
WARNING - synthesis: logical net 'float_alu0/fp_div0/a_div/divisor_26..int_mod/add_3745_19/S0' has no load
WARNING - synthesis: logical net 'float_alu0/fp_div0/a_div/divisor_26..int_mod/add_3745_19/S1' has no load
WARNING - synthesis: logical net 'float_alu0/fp_div0/a_div/divisor_26..int_mod/add_3745_17/S0' has no load
WARNING - synthesis: logical net 'float_alu0/fp_div0/a_div/divisor_26..int_mod/add_3745_17/S1' has no load
WARNING - synthesis: logical net 'float_alu0/fp_div0/a_div/divisor_26..int_mod/add_3745_15/S0' has no load
WARNING - synthesis: logical net 'float_alu0/fp_div0/a_div/divisor_26..int_mod/add_3745_15/S1' has no load
WARNING - synthesis: logical net 'float_alu0/fp_div0/a_div/divisor_26..int_mod/add_3745_13/S0' has no load
WARNING - synthesis: logical net 'float_alu0/fp_div0/a_div/divisor_26..int_mod/add_3745_13/S1' has no load
WARNING - synthesis: logical net 'float_alu0/fp_div0/a_div/divisor_26..int_mod/add_3745_11/S0' has no load
WARNING - synthesis: logical net 'float_alu0/fp_div0/a_div/divisor_26..int_mod/add_3745_11/S1' has no load
WARNING - synthesis: logical net 'float_alu0/fp_div0/a_div/divisor_26..int_mod/add_3745_9/S0' has no load
WARNING - synthesis: logical net 'float_alu0/fp_div0/a_div/divisor_26..int_mod/add_3745_9/S1' has no load
WARNING - synthesis: logical net 'float_alu0/fp_div0/a_div/divisor_26..int_mod/add_3745_7/S0' has no load
WARNING - synthesis: logical net 'float_alu0/fp_div0/a_div/divisor_26..int_mod/add_3745_7/S1' has no load
WARNING - synthesis: logical net 'float_alu0/fp_div0/a_div/divisor_26..int_mod/add_3745_5/S0' has no load
WARNING - synthesis: logical net 'float_alu0/fp_div0/a_div/divisor_26..int_mod/add_3745_5/S1' has no load
WARNING - synthesis: logical net 'float_alu0/fp_div0/a_div/divisor_26..int_mod/add_3745_3/S0' has no load
WARNING - synthesis: logical net 'float_alu0/fp_div0/a_div/divisor_26..int_mod/add_3745_3/S1' has no load
WARNING - synthesis: logical net 'float_alu0/fp_div0/a_div/divisor_26..int_mod/add_3745_1/S0' has no load
WARNING - synthesis: logical net 'float_alu0/fp_div0/a_div/divisor_26..int_mod/add_3745_1/S1' has no load
WARNING - synthesis: logical net 'float_alu0/fp_div0/a_div/divisor_25..int_mod/add_3719_25/CO' has no load
WARNING - synthesis: logical net 'float_alu0/fp_div0/a_div/divisor_25..int_mod/add_3719_1/S0' has no load
WARNING - synthesis: logical net 'float_alu0/fp_div0/a_div/divisor_24..int_mod/add_3693_25/CO' has no load
WARNING - synthesis: logical net 'float_alu0/fp_div0/a_div/divisor_24..int_mod/add_3693_1/S0' has no load
WARNING - synthesis: logical net 'float_alu0/fp_div0/a_div/divisor_23..int_mod/add_3667_25/CO' has no load
WARNING - synthesis: logical net 'float_alu0/fp_div0/a_div/divisor_23..int_mod/add_3667_1/S0' has no load
WARNING - synthesis: logical net 'float_alu0/fp_div0/a_div/divisor_22..int_mod/add_3641_25/CO' has no load
WARNING - synthesis: logical net 'float_alu0/fp_div0/a_div/divisor_22..int_mod/add_3641_1/S0' has no load
WARNING - synthesis: logical net 'float_alu0/fp_div0/a_div/divisor_21..int_mod/add_3615_25/CO' has no load
WARNING - synthesis: logical net 'float_alu0/fp_div0/a_div/divisor_21..int_mod/add_3615_1/S0' has no load
WARNING - synthesis: logical net 'float_alu0/fp_div0/a_div/divisor_20..int_mod/add_3589_25/CO' has no load
WARNING - synthesis: logical net 'float_alu0/fp_div0/a_div/divisor_20..int_mod/add_3589_1/S0' has no load
WARNING - synthesis: logical net 'float_alu0/fp_div0/a_div/divisor_1..int_mod/sub_8_add_2_25/CO' has no load
WARNING - synthesis: logical net 'float_alu0/fp_div0/a_div/divisor_1..int_mod/sub_8_add_2_1/S0' has no load
WARNING - synthesis: logical net 'float_alu0/fp_div0/a_div/divisor_19..int_mod/add_3563_25/CO' has no load
WARNING - synthesis: logical net 'float_alu0/fp_div0/a_div/divisor_19..int_mod/add_3563_1/S0' has no load
WARNING - synthesis: logical net 'float_alu0/fp_div0/a_div/divisor_18..int_mod/add_3537_25/CO' has no load
WARNING - synthesis: logical net 'float_alu0/fp_div0/a_div/divisor_18..int_mod/add_3537_1/S0' has no load
WARNING - synthesis: logical net 'float_alu0/fp_div0/a_div/divisor_17..int_mod/add_3511_25/CO' has no load
WARNING - synthesis: logical net 'float_alu0/fp_div0/a_div/divisor_17..int_mod/add_3511_1/S0' has no load
WARNING - synthesis: logical net 'float_alu0/fp_div0/a_div/divisor_16..int_mod/add_3485_25/CO' has no load
WARNING - synthesis: logical net 'float_alu0/fp_div0/a_div/divisor_16..int_mod/add_3485_1/S0' has no load
WARNING - synthesis: logical net 'float_alu0/fp_div0/a_div/divisor_15..int_mod/add_3459_25/CO' has no load
WARNING - synthesis: logical net 'float_alu0/fp_div0/a_div/divisor_15..int_mod/add_3459_1/S0' has no load
WARNING - synthesis: logical net 'float_alu0/fp_div0/a_div/divisor_14..int_mod/add_3433_25/CO' has no load
WARNING - synthesis: logical net 'float_alu0/fp_div0/a_div/divisor_14..int_mod/add_3433_1/S0' has no load
WARNING - synthesis: logical net 'float_alu0/fp_div0/a_div/divisor_13..int_mod/add_3407_25/CO' has no load
WARNING - synthesis: logical net 'float_alu0/fp_div0/a_div/divisor_13..int_mod/add_3407_1/S0' has no load
WARNING - synthesis: logical net 'float_alu0/fp_div0/a_div/divisor_12..int_mod/add_3381_25/CO' has no load
WARNING - synthesis: logical net 'float_alu0/fp_div0/a_div/divisor_12..int_mod/add_3381_1/S0' has no load
WARNING - synthesis: logical net 'float_alu0/fp_div0/a_div/divisor_11..int_mod/add_3355_25/CO' has no load
WARNING - synthesis: logical net 'float_alu0/fp_div0/a_div/divisor_11..int_mod/add_3355_1/S0' has no load
WARNING - synthesis: logical net 'float_alu0/fp_div0/a_div/divisor_10..int_mod/add_3329_25/CO' has no load
WARNING - synthesis: logical net 'float_alu0/fp_div0/a_div/divisor_10..int_mod/add_3329_1/S0' has no load
WARNING - synthesis: logical net 'float_alu0/fp_add0/sub_211_add_2_9/CO' has no load
WARNING - synthesis: logical net 'float_alu0/fp_add0/equal_48_8/CO' has no load
WARNING - synthesis: logical net 'float_alu0/fp_add0/equal_48_8/S0' has no load
WARNING - synthesis: logical net 'float_alu0/fp_add0/sub_211_add_2_1/S0' has no load
WARNING - synthesis: logical net 'float_alu0/fp_add0/equal_48_7/S0' has no load
WARNING - synthesis: logical net 'float_alu0/fp_add0/equal_48_7/S1' has no load
WARNING - synthesis: logical net 'float_alu0/fp_add0/equal_48_0/S0' has no load
WARNING - synthesis: logical net 'float_alu0/fp_add0/equal_48_0/S1' has no load
WARNING - synthesis: logical net 'float_alu0/fp_add0/sub_214_add_2_25/CO' has no load
WARNING - synthesis: logical net 'float_alu0/fp_add0/sub_214_add_2_1/S0' has no load
WARNING - synthesis: logical net 'float_alu0/fp_add0/sub_210_add_2_9/CO' has no load
WARNING - synthesis: logical net 'float_alu0/fp_add0/add_3092_29/CO' has no load
WARNING - synthesis: logical net 'float_alu0/fp_add0/add_3092_29/S1' has no load
WARNING - synthesis: logical net 'float_alu0/fp_add0/add_3092_1/S0' has no load
WARNING - synthesis: logical net 'float_alu0/fp_add0/sub_210_add_2_1/S0' has no load
WARNING - synthesis: logical net 'float_alu0/fp_add0/add_72_23/CO' has no load
WARNING - synthesis: logical net 'float_alu0/fp_add0/add_72_1/S0' has no load
WARNING - synthesis: logical net 'float_alu0/fp_add0/add_3798_9/CO' has no load
WARNING - synthesis: logical net 'float_alu0/fp_add0/add_3798_1/S0' has no load
WARNING - synthesis: logical net 'float_alu0/fp_add0/add_3798_1/S1' has no load
WARNING - synthesis: logical net 'test0/add_4597_12/CO' has no load
WARNING - synthesis: logical net 'test0/add_4597_12/S1' has no load
WARNING - synthesis: logical net 'test0/h_4657_add_4_1/S0' has no load
WARNING - synthesis: logical net 'test0/n_4659_add_4_33/CO' has no load
WARNING - synthesis: logical net 'test0/n_4659_add_4_33/S1' has no load
WARNING - synthesis: logical net 'test0/n_4659_add_4_1/S0' has no load
WARNING - synthesis: logical net 'test0/o_4661_add_4_33/CO' has no load
WARNING - synthesis: logical net 'test0/o_4661_add_4_33/S1' has no load
WARNING - synthesis: logical net 'test0/o_4661_add_4_1/S0' has no load
WARNING - synthesis: logical net 'test0/counter_4663_4767_add_4_13/CO' has no load
WARNING - synthesis: logical net 'test0/counter_4663_4767_add_4_13/S1' has no load
WARNING - synthesis: logical net 'test0/equal_97_28/S0' has no load
WARNING - synthesis: logical net 'test0/equal_97_28/S1' has no load
WARNING - synthesis: logical net 'test0/equal_97_26/S0' has no load
WARNING - synthesis: logical net 'test0/equal_97_26/S1' has no load
WARNING - synthesis: logical net 'test0/counter_4663_4767_add_4_1/S0' has no load
WARNING - synthesis: logical net 'test0/add_4994_11/CO' has no load
WARNING - synthesis: logical net 'test0/add_4994_1/S0' has no load
WARNING - synthesis: logical net 'test0/add_49686_12/CO' has no load
WARNING - synthesis: logical net 'test0/add_49686_2/S0' has no load
WARNING - synthesis: logical net 'test0/add_49684_13/CO' has no load
WARNING - synthesis: logical net 'test0/add_49684_13/S1' has no load
WARNING - synthesis: logical net 'test0/add_49684_1/S0' has no load
WARNING - synthesis: logical net 'test0/add_49683_13/CO' has no load
WARNING - synthesis: logical net 'test0/add_49683_13/S1' has no load
WARNING - synthesis: logical net 'test0/add_49683_1/S0' has no load
WARNING - synthesis: logical net 'test0/add_6598_12/CO' has no load
WARNING - synthesis: logical net 'test0/add_6598_12/S1' has no load
WARNING - synthesis: logical net 'test0/add_6598_2/S0' has no load
WARNING - synthesis: logical net 'test0/add_49682_12/CO' has no load
WARNING - synthesis: logical net 'test0/add_49682_2/S0' has no load
WARNING - synthesis: logical net 'test0/add_49681_13/CO' has no load
WARNING - synthesis: logical net 'test0/add_49681_13/S1' has no load
WARNING - synthesis: logical net 'test0/add_49681_1/S0' has no load
WARNING - synthesis: logical net 'test0/add_3865_13/CO' has no load
WARNING - synthesis: logical net 'test0/add_3865_13/S1' has no load
WARNING - synthesis: logical net 'test0/add_3865_1/S0' has no load
WARNING - synthesis: logical net 'test0/equal_97_24/S0' has no load
WARNING - synthesis: logical net 'test0/equal_97_24/S1' has no load
WARNING - synthesis: logical net 'test0/equal_97_0/S0' has no load
WARNING - synthesis: logical net 'test0/equal_97_0/S1' has no load
WARNING - synthesis: logical net 'test0/equal_232_32/CO' has no load
WARNING - synthesis: logical net 'test0/equal_232_32/S1' has no load
WARNING - synthesis: logical net 'test0/equal_232_32_49661/S0' has no load
WARNING - synthesis: logical net 'test0/equal_232_32_49661/S1' has no load
WARNING - synthesis: logical net 'test0/equal_232_30/S0' has no load
WARNING - synthesis: logical net 'test0/equal_232_30/S1' has no load
WARNING - synthesis: logical net 'test0/equal_232_28/S0' has no load
WARNING - synthesis: logical net 'test0/equal_232_28/S1' has no load
WARNING - synthesis: logical net 'test0/equal_232_26/S0' has no load
WARNING - synthesis: logical net 'test0/equal_232_26/S1' has no load
WARNING - synthesis: logical net 'test0/equal_232_24/S0' has no load
WARNING - synthesis: logical net 'test0/equal_232_24/S1' has no load
WARNING - synthesis: logical net 'test0/equal_232_0/S0' has no load
WARNING - synthesis: logical net 'test0/equal_232_0/S1' has no load
WARNING - synthesis: logical net 'test0/equal_152_32/CO' has no load
WARNING - synthesis: logical net 'test0/equal_152_32/S1' has no load
WARNING - synthesis: logical net 'test0/i_4655_add_4_33/CO' has no load
WARNING - synthesis: logical net 'test0/i_4655_add_4_33/S1' has no load
WARNING - synthesis: logical net 'test0/i_4655_add_4_1/S0' has no load
WARNING - synthesis: logical net 'test0/equal_152_32_49660/S0' has no load
WARNING - synthesis: logical net 'test0/equal_152_32_49660/S1' has no load
WARNING - synthesis: logical net 'test0/equal_152_30/S0' has no load
WARNING - synthesis: logical net 'test0/equal_152_30/S1' has no load
WARNING - synthesis: logical net 'test0/equal_152_28/S0' has no load
WARNING - synthesis: logical net 'test0/equal_152_28/S1' has no load
WARNING - synthesis: logical net 'test0/equal_152_26/S0' has no load
WARNING - synthesis: logical net 'test0/equal_152_26/S1' has no load
WARNING - synthesis: logical net 'test0/equal_152_24/S0' has no load
WARNING - synthesis: logical net 'test0/equal_152_24/S1' has no load
WARNING - synthesis: logical net 'test0/equal_152_0/S0' has no load
WARNING - synthesis: logical net 'test0/equal_152_0/S1' has no load
WARNING - synthesis: logical net 'test0/add_4584_add_1_add_1_13/CO' has no load
WARNING - synthesis: logical net 'test0/add_4584_add_1_add_1_13/S1' has no load
WARNING - synthesis: logical net 'test0/add_4597_2/S0' has no load
WARNING - synthesis: logical net 'test0/equal_97_32/CO' has no load
WARNING - synthesis: logical net 'test0/equal_97_32/S1' has no load
WARNING - synthesis: logical net 'test0/add_4558_add_2_add_1_13/CO' has no load
WARNING - synthesis: logical net 'test0/add_4558_add_2_add_1_13/S1' has no load
WARNING - synthesis: logical net 'test0/add_4558_add_2_add_1_1/S0' has no load
WARNING - synthesis: logical net 'test0/equal_97_32_49659/S0' has no load
WARNING - synthesis: logical net 'test0/equal_97_32_49659/S1' has no load
WARNING - synthesis: logical net 'test0/add_4584_add_1_add_1_1/S0' has no load
WARNING - synthesis: logical net 'test0/addr_4653_add_4_33/CO' has no load
WARNING - synthesis: logical net 'test0/addr_4653_add_4_33/S1' has no load
WARNING - synthesis: logical net 'test0/equal_97_30/S0' has no load
WARNING - synthesis: logical net 'test0/equal_97_30/S1' has no load
WARNING - synthesis: logical net 'test0/addr_4653_add_4_1/S0' has no load
WARNING - synthesis: logical net 'test0/numL_4656_add_4_32/CO' has no load
WARNING - synthesis: logical net 'test0/numL_4656_add_4_2/S0' has no load
WARNING - synthesis: logical net 'test0/h_4657_add_4_33/CO' has no load
WARNING - synthesis: logical net 'test0/h_4657_add_4_33/S1' has no load
WARNING - synthesis: DRC complete with 525 warnings

Design Results:
   8326 blocks expanded
completed the first expansion
All blocks are expanded and NGD expansion is successful.
Writing NGD file nn_nn.ngd.
