Running in Lattice mode


Starting:    C:\lscc\diamond\3.1_x64\synpbase\win64\mbin\synbatch.exe
Install:     C:\lscc\diamond\3.1_x64\synpbase
Date:        Tue Sep 30 03:00:30 2014
Version:     I-2013.09L 

Arguments:   -product synplify_pro  -batch nn_nn_synplify.tcl
ProductType: synplify_pro






log file: "C:\Users\Yisong\Documents\new\mlp\nn\nn_nn.srr"





Generating HDL info...

hdl_info_gen Completed
Return Code: 0
Run Time:0h:00m:01s


Copied C:\Users\Yisong\Documents\new\mlp\nn\nn_nn.srr to C:\Users\Yisong\Documents\new\mlp\nn\nn_nn.srf

log file: "C:\Users\Yisong\Documents\new\mlp\nn\nn_nn.srr"





Running proj_1|nn


Running: Compile on proj_1|nn


Running: Compile Process on proj_1|nn


Running: Compile Input on proj_1|nn

Copied C:\Users\Yisong\Documents\new\mlp\nn\synwork\nn_nn_comp.srs to C:\Users\Yisong\Documents\new\mlp\nn\nn_nn.srs

compiler Completed
Return Code: 0
Run Time:0h:00m:26s


Copied C:\Users\Yisong\Documents\new\mlp\nn\nn_nn.srr to C:\Users\Yisong\Documents\new\mlp\nn\nn_nn.srf

Complete: Compile Process on proj_1|nn


Running: Premap on proj_1|nn

premap Completed with warnings
Return Code: 1
Run Time:0h:00m:03s


Complete: Compile on proj_1|nn


Running: Map on proj_1|nn


Running: Map & Optimize on proj_1|nn

fpga_mapper Completed with warnings
Return Code: 1
Run Time:0h:01m:44s


Complete: Map on proj_1|nn

Copied C:\Users\Yisong\Documents\new\mlp\nn\nn_nn.srr to C:\Users\Yisong\Documents\new\mlp\nn\nn_nn.srf

Complete: Logic Synthesis on proj_1|nn

TCL script complete: "nn_nn_synplify.tcl"

exit status=0


exit status=0


Save changes for project:
C:\Users\Yisong\Documents\new\mlp\nn\proj_1.prj

batch mode default:no

