Resource Usage Report
Part: lcmxo2_7000hc-4

Register bits: 5450 of 6864 (79%)
Latch bits:      8
PIC Latch:       0
I/O cells:       6

Details:
BB:             3
CCU2D:          1531
DP8KC:          16
DPR16X4C:       8
FD1P3AX:        4016
FD1P3BX:        2
FD1P3DX:        160
FD1P3IX:        76
FD1P3JX:        16
FD1S1AY:        8
FD1S3AX:        1115
FD1S3AY:        1
FD1S3BX:        1
FD1S3DX:        37
FD1S3IX:        16
FD1S3JX:        10
GSR:            1
IB:             3
INV:            72
L6MUX21:        584
ORCALUT4:       9307
PDPW8KC:        2
PFUMX:          2955
PUR:            1
ROM64X1A:       13
VHI:            18
VLO:            55
false:          10
true:           47
