Running in Lattice mode


Starting:    C:\lscc\diamond\3.1_x64\synpbase\win64\mbin\synbatch.exe
Install:     C:\lscc\diamond\3.1_x64\synpbase
Date:        Mon Sep 15 21:24:03 2014
Version:     I-2013.09L 

Arguments:   -product synplify_pro  -batch median_median_synplify.tcl
ProductType: synplify_pro






log file: "C:\Users\Yisong\Documents\new\median\median\median_median.srr"





Generating HDL info...

hdl_info_gen Completed
Return Code: 0
Run Time:0h:00m:01s


Copied C:\Users\Yisong\Documents\new\median\median\median_median.srr to C:\Users\Yisong\Documents\new\median\median\median_median.srf

log file: "C:\Users\Yisong\Documents\new\median\median\median_median.srr"





Running proj_1|median


Running: Compile on proj_1|median


Running: Compile Process on proj_1|median


Running: Compile Input on proj_1|median

Copied C:\Users\Yisong\Documents\new\median\median\synwork\median_median_comp.srs to C:\Users\Yisong\Documents\new\median\median\median_median.srs

compiler Completed
Return Code: 0
Run Time:0h:00m:07s


Copied C:\Users\Yisong\Documents\new\median\median\median_median.srr to C:\Users\Yisong\Documents\new\median\median\median_median.srf

Complete: Compile Process on proj_1|median


Running: Premap on proj_1|median

premap Completed with warnings
Return Code: 1
Run Time:0h:00m:01s


Complete: Compile on proj_1|median


Running: Map on proj_1|median


Running: Map & Optimize on proj_1|median

fpga_mapper Completed with warnings
Return Code: 1
Run Time:0h:00m:12s


Complete: Map on proj_1|median

Copied C:\Users\Yisong\Documents\new\median\median\median_median.srr to C:\Users\Yisong\Documents\new\median\median\median_median.srf

Complete: Logic Synthesis on proj_1|median

TCL script complete: "median_median_synplify.tcl"

exit status=0


exit status=0


Save changes for project:
C:\Users\Yisong\Documents\new\median\median\proj_1.prj

batch mode default:no

