SCUBA, Version Diamond_3.1_Production (93)
Sun Sep 14 21:06:27 2014
  
Copyright (c) 1991-1994 by NeoCAD Inc. All rights reserved.
Copyright (c) 1995 AT&T Corp.   All rights reserved.
Copyright (c) 1995-2001 Lucent Technologies Inc.  All rights reserved.
Copyright (c) 2001 Agere Systems   All rights reserved.
Copyright (c) 2002-2014 Lattice Semiconductor Corporation,  All rights reserved.
  
BEGIN SCUBA Module Synthesis
  
    Issued command   : C:\lscc\diamond\3.1_x64\ispfpga\bin\nt64\scuba.exe -w -n efb_spi -lang vhdl -synth synplify -bus_exp 7 -bb -type efb -arch xo2c00 -freq 50 -spi -spi_mode Slave -wb -dev 7000 
    Circuit name     : efb_spi
    Module type      : efb
    Module Version   : 1.2
    Ports            : 
    Inputs       : wb_clk_i, wb_rst_i, wb_cyc_i, wb_stb_i, wb_we_i, wb_adr_i[7:0], wb_dat_i[7:0], spi_scsn
    Outputs      : wb_dat_o[7:0], wb_ack_o
    Inouts       : spi_clk, spi_miso, spi_mosi
    I/O buffer       : not inserted
    EDIF output      : efb_spi.edn
    VHDL output      : efb_spi.vhd
    VHDL template    : efb_spi_tmpl.vhd
    VHDL purpose     : for synthesis and simulation
    Bus notation     : big endian
    Report output    : efb_spi.srp
    Estimated Resource Usage:
  
END   SCUBA Module Synthesis

